build/outputs/logs/manifest-merger-debug-report.txt
-- Merging decision tree log ---
manifest
ADDED from App\CricFlex\AndroidManifest.xml:2:1-104:12
	package
		ADDED from App\CricFlex\AndroidManifest.xml:3:5-35
	android:versionName
		ADDED from App\CricFlex\AndroidManifest.xml:5:5-30
		INJECTED from App\CricFlex\AndroidManifest.xml
		INJECTED from App\CricFlex\AndroidManifest.xml
	android:versionCode
		ADDED from App\CricFlex\AndroidManifest.xml:4:5-28
		INJECTED from App\CricFlex\AndroidManifest.xml
		INJECTED from App\CricFlex\AndroidManifest.xml
	xmlns:android
		ADDED from App\CricFlex\AndroidManifest.xml:2:11-69
uses-sdk
ADDED from App\CricFlex\AndroidManifest.xml:7:5-9:41
MERGED from [com.android.support:design:24.2.1] AndroidManifest.xml:20:5-43
MERGED from [com.android.support:appcompat-v7:24.2.1] AndroidManifest.xml:21:5-23:78
MERGED from [com.android.support:animated-vector-drawable:24.2.1] AndroidManifest.xml:20:5-44
MERGED from [com.android.support:support-vector-drawable:24.2.1] AndroidManifest.xml:21:5-43
MERGED from [com.android.support:recyclerview-v7:24.2.1] AndroidManifest.xml:20:5-43
MERGED from [com.github.mukeshsolanki:country-picker-android:1.1.6] AndroidManifest.xml:8:5-10:41
MERGED from [com.android.support:support-v4:24.2.1] AndroidManifest.xml:21:5-23:54
MERGED from [com.android.support:support-fragment:24.2.1] AndroidManifest.xml:21:5-23:60
MERGED from [com.android.support:support-media-compat:24.2.1] AndroidManifest.xml:21:5-23:63
MERGED from [com.android.support:support-core-ui:24.2.1] AndroidManifest.xml:21:5-23:58
MERGED from [com.android.support:support-core-utils:24.2.1] AndroidManifest.xml:21:5-23:61
MERGED from [com.android.support:percent:25.0.0] AndroidManifest.xml:20:5-43
MERGED from [com.android.support:support-compat:25.0.0] AndroidManifest.xml:21:5-23:58
	tools:overrideLibrary
		ADDED from [com.android.support:appcompat-v7:24.2.1] AndroidManifest.xml:23:9-75
	android:targetSdkVersion
		ADDED from App\CricFlex\AndroidManifest.xml:9:9-38
	android:minSdkVersion
		ADDED from App\CricFlex\AndroidManifest.xml:8:9-35
uses-permission#android.permission.WRITE_EXTERNAL_STORAGE
ADDED from App\CricFlex\AndroidManifest.xml:11:5-81
	android:name
		ADDED from App\CricFlex\AndroidManifest.xml:11:22-78
uses-permission#android.permission.READ_EXTERNAL_STORAGE
ADDED from App\CricFlex\AndroidManifest.xml:12:5-80
	android:name
		ADDED from App\CricFlex\AndroidManifest.xml:12:22-77
uses-permission#android.permission.BLUETOOTH
ADDED from App\CricFlex\AndroidManifest.xml:13:5-68
	android:name
		ADDED from App\CricFlex\AndroidManifest.xml:13:22-65
uses-permission#android.permission.BLUETOOTH_ADMIN
ADDED from App\CricFlex\AndroidManifest.xml:14:5-74
	android:name
		ADDED from App\CricFlex\AndroidManifest.xml:14:22-71
uses-feature#android.hardware.camera.front
ADDED from App\CricFlex\AndroidManifest.xml:17:5-19:36
	android:required
		ADDED from App\CricFlex\AndroidManifest.xml:19:9-33
	android:name
		ADDED from App\CricFlex\AndroidManifest.xml:18:9-53
uses-feature#android.hardware.bluetooth_le
ADDED from App\CricFlex\AndroidManifest.xml:20:5-22:35
	android:required
		ADDED from App\CricFlex\AndroidManifest.xml:22:9-32
	android:name
		ADDED from App\CricFlex\AndroidManifest.xml:21:9-53
application
ADDED from App\CricFlex\AndroidManifest.xml:25:5-102:19
MERGED from [com.android.support:design:24.2.1] AndroidManifest.xml:22:5-20
MERGED from [com.android.support:appcompat-v7:24.2.1] AndroidManifest.xml:25:5-20
MERGED from [com.android.support:animated-vector-drawable:24.2.1] AndroidManifest.xml:22:5-20
MERGED from [com.android.support:support-vector-drawable:24.2.1] AndroidManifest.xml:23:5-20
MERGED from [com.android.support:support-v4:24.2.1] AndroidManifest.xml:25:5-20
MERGED from [com.android.support:support-fragment:24.2.1] AndroidManifest.xml:25:5-20
MERGED from [com.android.support:support-media-compat:24.2.1] AndroidManifest.xml:25:5-20
MERGED from [com.android.support:support-core-ui:24.2.1] AndroidManifest.xml:25:5-20
MERGED from [com.android.support:support-core-utils:24.2.1] AndroidManifest.xml:25:5-20
MERGED from [com.android.support:percent:25.0.0] AndroidManifest.xml:22:5-20
MERGED from [com.android.support:support-compat:25.0.0] AndroidManifest.xml:25:5-20
	android:label
		ADDED from App\CricFlex\AndroidManifest.xml:28:9-41
	android:allowBackup
		ADDED from App\CricFlex\AndroidManifest.xml:26:9-35
	android:icon
		ADDED from App\CricFlex\AndroidManifest.xml:27:9-49
	android:theme
		ADDED from App\CricFlex\AndroidManifest.xml:30:9-51
	android:logo
		ADDED from App\CricFlex\AndroidManifest.xml:29:9-49
activity#com.example.cricflex.ActivitySplash
ADDED from App\CricFlex\AndroidManifest.xml:31:9-37:20
	android:name
		ADDED from App\CricFlex\AndroidManifest.xml:31:19-49
intent-filter#android.intent.action.MAIN+android.intent.category.LAUNCHER
ADDED from App\CricFlex\AndroidManifest.xml:32:13-36:29
action#android.intent.action.MAIN
ADDED from App\CricFlex\AndroidManifest.xml:33:17-69
	android:name
		ADDED from App\CricFlex\AndroidManifest.xml:33:25-66
category#android.intent.category.LAUNCHER
ADDED from App\CricFlex\AndroidManifest.xml:35:17-77
	android:name
		ADDED from App\CricFlex\AndroidManifest.xml:35:27-74
activity#com.example.cricflex.ActivityCalibrate
ADDED from App\CricFlex\AndroidManifest.xml:38:9-41:52
	android:screenOrientation
		ADDED from App\CricFlex\AndroidManifest.xml:41:13-49
	android:label
		ADDED from App\CricFlex\AndroidManifest.xml:40:13-37
	android:name
		ADDED from App\CricFlex\AndroidManifest.xml:39:13-46
activity#com.example.cricflex.ActivitySetupProfile
ADDED from App\CricFlex\AndroidManifest.xml:42:9-45:52
	android:screenOrientation
		ADDED from App\CricFlex\AndroidManifest.xml:45:13-49
	android:label
		ADDED from App\CricFlex\AndroidManifest.xml:44:13-37
	android:name
		ADDED from App\CricFlex\AndroidManifest.xml:43:13-49
activity#com.example.cricflex.TestActivityMonitor
ADDED from App\CricFlex\AndroidManifest.xml:46:9-49:52
	android:screenOrientation
		ADDED from App\CricFlex\AndroidManifest.xml:49:13-49
	android:label
		ADDED from App\CricFlex\AndroidManifest.xml:48:13-37
	android:name
		ADDED from App\CricFlex\AndroidManifest.xml:47:13-48
activity#com.example.cricflex.ActivityWelcome
ADDED from App\CricFlex\AndroidManifest.xml:50:9-53:52
	android:screenOrientation
		ADDED from App\CricFlex\AndroidManifest.xml:53:13-49
	android:label
		ADDED from App\CricFlex\AndroidManifest.xml:52:13-37
	android:name
		ADDED from App\CricFlex\AndroidManifest.xml:51:13-44
activity#com.example.cricflex.ActivityLogin
ADDED from App\CricFlex\AndroidManifest.xml:54:9-57:52
	android:screenOrientation
		ADDED from App\CricFlex\AndroidManifest.xml:57:13-49
	android:label
		ADDED from App\CricFlex\AndroidManifest.xml:56:13-37
	android:name
		ADDED from App\CricFlex\AndroidManifest.xml:55:13-42
activity#com.example.cricflex.ActivityMain
ADDED from App\CricFlex\AndroidManifest.xml:58:9-62:56
	android:screenOrientation
		ADDED from App\CricFlex\AndroidManifest.xml:61:13-49
	android:label
		ADDED from App\CricFlex\AndroidManifest.xml:60:13-45
	android:theme
		ADDED from App\CricFlex\AndroidManifest.xml:62:13-53
	android:name
		ADDED from App\CricFlex\AndroidManifest.xml:59:13-41
activity#com.example.cricflex.ActivityRegister
ADDED from App\CricFlex\AndroidManifest.xml:63:9-66:52
	android:screenOrientation
		ADDED from App\CricFlex\AndroidManifest.xml:66:13-49
	android:label
		ADDED from App\CricFlex\AndroidManifest.xml:65:13-45
	android:name
		ADDED from App\CricFlex\AndroidManifest.xml:64:13-45
activity#com.example.cricflex.ActivityMonitor2
ADDED from App\CricFlex\AndroidManifest.xml:67:9-70:52
	android:screenOrientation
		ADDED from App\CricFlex\AndroidManifest.xml:70:13-49
	android:label
		ADDED from App\CricFlex\AndroidManifest.xml:69:13-45
	android:name
		ADDED from App\CricFlex\AndroidManifest.xml:68:13-45
activity#com.example.cricflex.ActivityHelp
ADDED from App\CricFlex\AndroidManifest.xml:71:9-74:52
	android:screenOrientation
		ADDED from App\CricFlex\AndroidManifest.xml:74:13-49
	android:label
		ADDED from App\CricFlex\AndroidManifest.xml:73:13-45
	android:name
		ADDED from App\CricFlex\AndroidManifest.xml:72:13-41
activity#com.example.cricflex.ActivityGraph
ADDED from App\CricFlex\AndroidManifest.xml:75:9-77:47
	android:label
		ADDED from App\CricFlex\AndroidManifest.xml:77:13-44
	android:name
		ADDED from App\CricFlex\AndroidManifest.xml:76:13-42
activity#com.example.cricflex.ActivityAbout
ADDED from App\CricFlex\AndroidManifest.xml:78:9-81:52
	android:screenOrientation
		ADDED from App\CricFlex\AndroidManifest.xml:81:13-49
	android:label
		ADDED from App\CricFlex\AndroidManifest.xml:80:13-45
	android:name
		ADDED from App\CricFlex\AndroidManifest.xml:79:13-42
activity#com.example.cricflex.ActivityProfile
ADDED from App\CricFlex\AndroidManifest.xml:82:9-85:52
	android:screenOrientation
		ADDED from App\CricFlex\AndroidManifest.xml:85:13-49
	android:label
		ADDED from App\CricFlex\AndroidManifest.xml:84:13-44
	android:name
		ADDED from App\CricFlex\AndroidManifest.xml:83:13-44
service#com.example.cricflex.RFDService
ADDED from App\CricFlex\AndroidManifest.xml:87:9-47
	android:name
		ADDED from App\CricFlex\AndroidManifest.xml:87:18-44
activity#com.example.cricflex.ActivityGraph3
ADDED from App\CricFlex\AndroidManifest.xml:89:9-52
	android:name
		ADDED from App\CricFlex\AndroidManifest.xml:89:19-49
activity#com.example.cricflex.ActivityGraph4
ADDED from App\CricFlex\AndroidManifest.xml:90:9-52
	android:name
		ADDED from App\CricFlex\AndroidManifest.xml:90:19-49
activity#com.example.cricflex.ActivityGraph5
ADDED from App\CricFlex\AndroidManifest.xml:91:9-52
	android:name
		ADDED from App\CricFlex\AndroidManifest.xml:91:19-49
activity#com.example.cricflex.TestActivityMonitor3
ADDED from App\CricFlex\AndroidManifest.xml:92:9-58
	android:name
		ADDED from App\CricFlex\AndroidManifest.xml:92:19-55
activity#com.example.cricflex.TestActivitySessionStats
ADDED from App\CricFlex\AndroidManifest.xml:93:9-62
	android:name
		ADDED from App\CricFlex\AndroidManifest.xml:93:19-59
activity#com.example.cricflex.ActivitySessionGraphs
ADDED from App\CricFlex\AndroidManifest.xml:94:9-59
	android:name
		ADDED from App\CricFlex\AndroidManifest.xml:94:19-56
activity#com.example.cricflex.test_asawal
ADDED from App\CricFlex\AndroidManifest.xml:95:9-49
	android:name
		ADDED from App\CricFlex\AndroidManifest.xml:95:19-46
activity#com.example.cricflex.TestActivityMetrics
ADDED from App\CricFlex\AndroidManifest.xml:96:9-57
	android:name
		ADDED from App\CricFlex\AndroidManifest.xml:96:19-54
activity#com.example.cricflex.TestActivityMetrics1
ADDED from App\CricFlex\AndroidManifest.xml:97:9-58
	android:name
		ADDED from App\CricFlex\AndroidManifest.xml:97:19-55
activity#com.example.cricflex.TestActivitySetupProfile
ADDED from App\CricFlex\AndroidManifest.xml:98:9-62
	android:name
		ADDED from App\CricFlex\AndroidManifest.xml:98:19-59
activity#com.example.cricflex.ActivitySessionStats
ADDED from App\CricFlex\AndroidManifest.xml:99:9-58
	android:name
		ADDED from App\CricFlex\AndroidManifest.xml:99:19-55
activity#com.example.cricflex.ActivitySessionGraph
ADDED from App\CricFlex\AndroidManifest.xml:100:9-58
	android:name
		ADDED from App\CricFlex\AndroidManifest.xml:100:19-55
activity#com.example.cricflex.ActivitySessionGraphActionTime
ADDED from App\CricFlex\AndroidManifest.xml:101:9-77
	android:name
		ADDED from App\CricFlex\AndroidManifest.xml:101:19-65